[0.007s] Invoking command in '/home/aiv/ev_ws/ros2_ver2/build/patchworkpp': CMAKE_PREFIX_PATH=${CMAKE_PREFIX_PATH}:/home/aiv/ros2_study/install/my_second_package:/opt/ros/humble /usr/bin/cmake --build /home/aiv/ev_ws/ros2_ver2/build/patchworkpp -- -j28 -l28
[0.104s] [35m[1mConsolidate compiler generated dependencies of target ground_seg_cores[0m
[0.114s] Built target patchworkpp_node
[0.115s] Built target ground_seg_cores
[0.134s] [32mBuilding CXX object CMakeFiles/gseg_component.dir/src/GroundSegmentationServer.cpp.o[0m
[1.838s] [01m[K/home/aiv/ev_ws/ros2_ver2/src/lidar/patchwork-plusplus/ros/src/GroundSegmentationServer.cpp:[m[K In constructor â€˜[01m[Kpatchworkpp_ros::GroundSegmentationServer::GroundSegmentationServer(const rclcpp::NodeOptions&)[m[Kâ€™:
[1.838s] [01m[K/home/aiv/ev_ws/ros2_ver2/src/lidar/patchwork-plusplus/ros/src/GroundSegmentationServer.cpp:28:3:[m[K [01;31m[Kerror: [m[Kâ€˜[01m[Kframe_id_[m[Kâ€™ was not declared in this scope
[1.838s]    28 |   [01;31m[Kframe_id_[m[K = declare_parameter<std::string>("frame_id", frame_id_);
[1.838s]       |   [01;31m[K^~~~~~~~~[m[K
[1.850s] [01m[K/home/aiv/ev_ws/ros2_ver2/src/lidar/patchwork-plusplus/ros/src/GroundSegmentationServer.cpp:[m[K In member function â€˜[01m[Kvoid patchworkpp_ros::GroundSegmentationServer::PublishClouds(const MatrixX3f&, const MatrixX3f&, std_msgs::msg::Header)[m[Kâ€™:
[1.850s] [01m[K/home/aiv/ev_ws/ros2_ver2/src/lidar/patchwork-plusplus/ros/src/GroundSegmentationServer.cpp:91:21:[m[K [01;31m[Kerror: [m[Kâ€˜[01m[Kframe_id_[m[Kâ€™ was not declared in this scope
[1.850s]    91 |   header.frame_id = [01;31m[Kframe_id_[m[K;
[1.850s]       |                     [01;31m[K^~~~~~~~~[m[K
[3.361s] gmake[2]: *** [CMakeFiles/gseg_component.dir/build.make:76: CMakeFiles/gseg_component.dir/src/GroundSegmentationServer.cpp.o] Error 1
[3.361s] gmake[1]: *** [CMakeFiles/Makefile2:2244: CMakeFiles/gseg_component.dir/all] Error 2
[3.361s] gmake: *** [Makefile:146: all] Error 2
[3.363s] Invoked command in '/home/aiv/ev_ws/ros2_ver2/build/patchworkpp' returned '2': CMAKE_PREFIX_PATH=${CMAKE_PREFIX_PATH}:/home/aiv/ros2_study/install/my_second_package:/opt/ros/humble /usr/bin/cmake --build /home/aiv/ev_ws/ros2_ver2/build/patchworkpp -- -j28 -l28
