[0.012s] Invoking command in '/home/aiv/ev_ws/ros2_ver2/build/patchworkpp': CMAKE_PREFIX_PATH=${CMAKE_PREFIX_PATH}:/home/aiv/ros2_study/install/my_second_package:/opt/ros/humble /usr/bin/cmake --build /home/aiv/ev_ws/ros2_ver2/build/patchworkpp -- -j28 -l28
[0.126s] Built target ground_seg_cores
[0.129s] Built target patchworkpp_node
[0.138s] [35m[1mConsolidate compiler generated dependencies of target gseg_component[0m
[0.152s] [32mBuilding CXX object CMakeFiles/gseg_component.dir/src/GroundSegmentationServer.cpp.o[0m
[1.854s] [01m[K/home/aiv/ev_ws/ros2_ver2/src/lidar/patchwork-plusplus/ros/src/GroundSegmentationServer.cpp:[m[K In constructor â€˜[01m[Kpatchworkpp_ros::GroundSegmentationServer::GroundSegmentationServer(const rclcpp::NodeOptions&)[m[Kâ€™:
[1.854s] [01m[K/home/aiv/ev_ws/ros2_ver2/src/lidar/patchwork-plusplus/ros/src/GroundSegmentationServer.cpp:33:44:[m[K [01;31m[Kerror: [m[Kâ€˜[01m[Kare_parameter[m[Kâ€™ was not declared in this scope; did you mean â€˜[01m[Khas_parameter[m[Kâ€™?
[1.854s]    33 | in_pts   = declare_parameter<[01;31m[Kare_parameter<int>[m[K("num_min_pts", params.num_min_pts);
[1.854s]       |                              [01;31m[K^~~~~~~~~~~~~~~~~~[m[K
[1.854s]       |                              [32m[Khas_parameter[m[K
[1.854s] [01m[K/home/aiv/ev_ws/ros2_ver2/src/lidar/patchwork-plusplus/ros/src/GroundSegmentationServer.cpp:33:26:[m[K [01;31m[Kerror: [m[Kparse error in template argument list
[1.854s]    33 |   params.num_min_pts   = [01;31m[Kdeclare_parameter<are_parameter<int>("num_min_pts", params.num_min_pts)[m[K;
[1.854s]       |                          [01;31m[K^~~~~~~~~~~~~~~~~~~~~~~~~~~~~~~~~~~~~~~~~~~~~~~~~~~~~~~~~~~~~~~~~~~~~~~[m[K
[1.854s] [01m[K/home/aiv/ev_ws/ros2_ver2/src/lidar/patchwork-plusplus/ros/src/GroundSegmentationServer.cpp:33:26:[m[K [01;31m[Kerror: [m[Kcannot resolve overloaded function â€˜[01m[Kdeclare_parameter[m[Kâ€™ based on conversion to type â€˜[01m[Kint[m[Kâ€™
[1.858s] [01m[K/home/aiv/ev_ws/ros2_ver2/src/lidar/patchwork-plusplus/ros/src/GroundSegmentationServer.cpp:34:26:[m[K [01;31m[Kerror: [m[Kâ€˜[01m[Kdecldouble[m[Kâ€™ was not declared in this scope; did you mean â€˜[01m[Kdouble[m[Kâ€™?
[1.858s]    34 |   params.th_seeds      = [01;31m[Kdecldouble[m[K>("th_seeds", params.th_seeds);
[1.858s]       |                          [01;31m[K^~~~~~~~~~[m[K
[1.858s]       |                          [32m[Kdouble[m[K
[3.373s] gmake[2]: *** [CMakeFiles/gseg_component.dir/build.make:76: CMakeFiles/gseg_component.dir/src/GroundSegmentationServer.cpp.o] Error 1
[3.373s] gmake[1]: *** [CMakeFiles/Makefile2:2244: CMakeFiles/gseg_component.dir/all] Error 2
[3.373s] gmake: *** [Makefile:146: all] Error 2
[3.375s] Invoked command in '/home/aiv/ev_ws/ros2_ver2/build/patchworkpp' returned '2': CMAKE_PREFIX_PATH=${CMAKE_PREFIX_PATH}:/home/aiv/ros2_study/install/my_second_package:/opt/ros/humble /usr/bin/cmake --build /home/aiv/ev_ws/ros2_ver2/build/patchworkpp -- -j28 -l28
