Built target patchworkpp_node
Built target ground_seg_cores
[35m[1mConsolidate compiler generated dependencies of target gseg_component[0m
[32mBuilding CXX object CMakeFiles/gseg_component.dir/src/GroundSegmentationServer.cpp.o[0m
[01m[K/home/aiv/ev_ws/ros2_ver2/src/lidar/patchwork-plusplus/ros/src/GroundSegmentationServer.cpp:[m[K In constructor â€˜[01m[Kpatchworkpp_ros::GroundSegmentationServer::GroundSegmentationServer(const rclcpp::NodeOptions&)[m[Kâ€™:
[01m[K/home/aiv/ev_ws/ros2_ver2/src/lidar/patchwork-plusplus/ros/src/GroundSegmentationServer.cpp:28:3:[m[K [01;31m[Kerror: [m[Kâ€˜[01m[Kframe_id_[m[Kâ€™ was not declared in this scope
   28 |   [01;31m[Kframe_id_[m[K = declare_parameter<std::string>("frame_id", frame_id_);
      |   [01;31m[K^~~~~~~~~[m[K
[01m[K/home/aiv/ev_ws/ros2_ver2/src/lidar/patchwork-plusplus/ros/src/GroundSegmentationServer.cpp:[m[K In member function â€˜[01m[Kvoid patchworkpp_ros::GroundSegmentationServer::PublishClouds(const MatrixX3f&, const MatrixX3f&, std_msgs::msg::Header)[m[Kâ€™:
[01m[K/home/aiv/ev_ws/ros2_ver2/src/lidar/patchwork-plusplus/ros/src/GroundSegmentationServer.cpp:91:21:[m[K [01;31m[Kerror: [m[Kâ€˜[01m[Kframe_id_[m[Kâ€™ was not declared in this scope
   91 |   header.frame_id = [01;31m[Kframe_id_[m[K;
      |                     [01;31m[K^~~~~~~~~[m[K
gmake[2]: *** [CMakeFiles/gseg_component.dir/build.make:76: CMakeFiles/gseg_component.dir/src/GroundSegmentationServer.cpp.o] Error 1
gmake[1]: *** [CMakeFiles/Makefile2:2244: CMakeFiles/gseg_component.dir/all] Error 2
gmake: *** [Makefile:146: all] Error 2
